1548151347249	mozrunner::runner	INFO	Running command: "/usr/bin/firefox" "-marionette" "-foreground" "-no-remote" "-profile" "/tmp/rust_mozprofile.XXdizNgE82Ae"
1548151347551	addons.webextension.screenshots@mozilla.org	WARN	Loading extension 'screenshots@mozilla.org': Reading manifest: Invalid host permission: resource://pdf.js/
1548151347551	addons.webextension.screenshots@mozilla.org	WARN	Loading extension 'screenshots@mozilla.org': Reading manifest: Invalid host permission: about:reader*
1548151350281	Marionette	INFO	Listening on port 42683
1548151350388	Marionette	WARN	TLS certificate errors will be ignored for this session
[Parent 22932, Gecko_IOThread] WARNING: pipe error (78): Connection reset by peer: file /build/firefox-wWf_B4/firefox-64.0+build3/ipc/chromium/src/chrome/common/ipc_channel_posix.cc, line 363
[Parent 22932, Gecko_IOThread] WARNING: pipe error (64): Connection reset by peer: file /build/firefox-wWf_B4/firefox-64.0+build3/ipc/chromium/src/chrome/common/ipc_channel_posix.cc, line 363
1548151395562	Marionette	INFO	Stopped listening on port 42683
1548151467783	mozrunner::runner	INFO	Running command: "/usr/bin/firefox" "-marionette" "-foreground" "-no-remote" "-profile" "/tmp/rust_mozprofile.pOMvbjirMPlE"
1548151468080	addons.webextension.screenshots@mozilla.org	WARN	Loading extension 'screenshots@mozilla.org': Reading manifest: Invalid host permission: resource://pdf.js/
1548151468080	addons.webextension.screenshots@mozilla.org	WARN	Loading extension 'screenshots@mozilla.org': Reading manifest: Invalid host permission: about:reader*
1548151471074	Marionette	INFO	Listening on port 43737
1548151471116	Marionette	WARN	TLS certificate errors will be ignored for this session
1548151484999	Marionette	INFO	Stopped listening on port 43737
[Parent 25557, Gecko_IOThread] WARNING: pipe error (78): Connection reset by peer: file /build/firefox-wWf_B4/firefox-64.0+build3/ipc/chromium/src/chrome/common/ipc_channel_posix.cc, line 363
[Parent 25557, Gecko_IOThread] WARNING: pipe error (84): Connection reset by peer: file /build/firefox-wWf_B4/firefox-64.0+build3/ipc/chromium/src/chrome/common/ipc_channel_posix.cc, line 363
1548152761675	mozrunner::runner	INFO	Running command: "/usr/bin/firefox" "-marionette" "-foreground" "-no-remote" "-profile" "/tmp/rust_mozprofile.QZ1A5E0HZpGM"
1548152761984	addons.webextension.screenshots@mozilla.org	WARN	Loading extension 'screenshots@mozilla.org': Reading manifest: Invalid host permission: resource://pdf.js/
1548152761984	addons.webextension.screenshots@mozilla.org	WARN	Loading extension 'screenshots@mozilla.org': Reading manifest: Invalid host permission: about:reader*
1548152764657	Marionette	INFO	Listening on port 39895
1548152764693	Marionette	WARN	TLS certificate errors will be ignored for this session
1548152771518	Marionette	INFO	Stopped listening on port 39895
[Parent 30974, Gecko_IOThread] WARNING: pipe error (86): Connection reset by peer: file /build/firefox-wWf_B4/firefox-64.0+build3/ipc/chromium/src/chrome/common/ipc_channel_posix.cc, line 363
[Parent 30974, Gecko_IOThread] WARNING: pipe error (78): Connection reset by peer: file /build/firefox-wWf_B4/firefox-64.0+build3/ipc/chromium/src/chrome/common/ipc_channel_posix.cc, line 363
1548152873814	mozrunner::runner	INFO	Running command: "/usr/bin/firefox" "-marionette" "-foreground" "-no-remote" "-profile" "/tmp/rust_mozprofile.2D4mYULnfFqH"
1548152874108	addons.webextension.screenshots@mozilla.org	WARN	Loading extension 'screenshots@mozilla.org': Reading manifest: Invalid host permission: resource://pdf.js/
1548152874108	addons.webextension.screenshots@mozilla.org	WARN	Loading extension 'screenshots@mozilla.org': Reading manifest: Invalid host permission: about:reader*
1548152876792	Marionette	INFO	Listening on port 36337
1548152876829	Marionette	WARN	TLS certificate errors will be ignored for this session
1548152898917	Marionette	INFO	Stopped listening on port 36337
[Parent 32256, Gecko_IOThread] WARNING: pipe error (78): Connection reset by peer: file /build/firefox-wWf_B4/firefox-64.0+build3/ipc/chromium/src/chrome/common/ipc_channel_posix.cc, line 363
1548152990571	mozrunner::runner	INFO	Running command: "/usr/bin/firefox" "-marionette" "-foreground" "-no-remote" "-profile" "/tmp/rust_mozprofile.BogY0MWlT8gU"
1548152990869	addons.webextension.screenshots@mozilla.org	WARN	Loading extension 'screenshots@mozilla.org': Reading manifest: Invalid host permission: resource://pdf.js/
1548152990870	addons.webextension.screenshots@mozilla.org	WARN	Loading extension 'screenshots@mozilla.org': Reading manifest: Invalid host permission: about:reader*
1548152993443	Marionette	INFO	Listening on port 36921
1548152993487	Marionette	WARN	TLS certificate errors will be ignored for this session
1548153000201	Marionette	INFO	Stopped listening on port 36921
[Parent 826, Gecko_IOThread] WARNING: pipe error (84): Connection reset by peer: file /build/firefox-wWf_B4/firefox-64.0+build3/ipc/chromium/src/chrome/common/ipc_channel_posix.cc, line 363
[Parent 826, Gecko_IOThread] WARNING: pipe error (78): Connection reset by peer: file /build/firefox-wWf_B4/firefox-64.0+build3/ipc/chromium/src/chrome/common/ipc_channel_posix.cc, line 363
1548153080730	mozrunner::runner	INFO	Running command: "/usr/bin/firefox" "-marionette" "-foreground" "-no-remote" "-profile" "/tmp/rust_mozprofile.dcFJ8rB2wEyC"
1548153081050	addons.webextension.screenshots@mozilla.org	WARN	Loading extension 'screenshots@mozilla.org': Reading manifest: Invalid host permission: resource://pdf.js/
1548153081050	addons.webextension.screenshots@mozilla.org	WARN	Loading extension 'screenshots@mozilla.org': Reading manifest: Invalid host permission: about:reader*
1548153083915	Marionette	INFO	Listening on port 45367
1548153083954	Marionette	WARN	TLS certificate errors will be ignored for this session
1548153107110	Marionette	INFO	Stopped listening on port 45367
[Parent 2179, Gecko_IOThread] WARNING: pipe error (78): Connection reset by peer: file /build/firefox-wWf_B4/firefox-64.0+build3/ipc/chromium/src/chrome/common/ipc_channel_posix.cc, line 363
[Parent 2179, Gecko_IOThread] WARNING: pipe error (86): Connection reset by peer: file /build/firefox-wWf_B4/firefox-64.0+build3/ipc/chromium/src/chrome/common/ipc_channel_posix.cc, line 363
1548153464956	mozrunner::runner	INFO	Running command: "/usr/bin/firefox" "-marionette" "-foreground" "-no-remote" "-profile" "/tmp/rust_mozprofile.vlimfsV3kBlk"
1548153465255	addons.webextension.screenshots@mozilla.org	WARN	Loading extension 'screenshots@mozilla.org': Reading manifest: Invalid host permission: resource://pdf.js/
1548153465255	addons.webextension.screenshots@mozilla.org	WARN	Loading extension 'screenshots@mozilla.org': Reading manifest: Invalid host permission: about:reader*
1548153467922	Marionette	INFO	Listening on port 35141
1548153467977	Marionette	WARN	TLS certificate errors will be ignored for this session
1548153474722	Marionette	INFO	Stopped listening on port 35141
[Parent 3132, Gecko_IOThread] WARNING: pipe error (78): Connection reset by peer: file /build/firefox-wWf_B4/firefox-64.0+build3/ipc/chromium/src/chrome/common/ipc_channel_posix.cc, line 363
[Parent 3132, Gecko_IOThread] WARNING: pipe error (81): Connection reset by peer: file /build/firefox-wWf_B4/firefox-64.0+build3/ipc/chromium/src/chrome/common/ipc_channel_posix.cc, line 363
1548153514664	mozrunner::runner	INFO	Running command: "/usr/bin/firefox" "-marionette" "-foreground" "-no-remote" "-profile" "/tmp/rust_mozprofile.ifVvhr8YBX1G"
1548153514966	addons.webextension.screenshots@mozilla.org	WARN	Loading extension 'screenshots@mozilla.org': Reading manifest: Invalid host permission: resource://pdf.js/
1548153514966	addons.webextension.screenshots@mozilla.org	WARN	Loading extension 'screenshots@mozilla.org': Reading manifest: Invalid host permission: about:reader*
1548153517635	Marionette	INFO	Listening on port 36651
1548153517698	Marionette	WARN	TLS certificate errors will be ignored for this session
1548153537702	Marionette	INFO	Stopped listening on port 36651
[Parent 4061, Gecko_IOThread] WARNING: pipe error (78): Connection reset by peer: file /build/firefox-wWf_B4/firefox-64.0+build3/ipc/chromium/src/chrome/common/ipc_channel_posix.cc, line 363
[Parent 4061, Gecko_IOThread] WARNING: pipe error (81): Connection reset by peer: file /build/firefox-wWf_B4/firefox-64.0+build3/ipc/chromium/src/chrome/common/ipc_channel_posix.cc, line 363
1548156177452	mozrunner::runner	INFO	Running command: "/usr/bin/firefox" "-marionette" "-foreground" "-no-remote" "-profile" "/tmp/rust_mozprofile.ew6h5NVCShZZ"
1548156177787	addons.webextension.screenshots@mozilla.org	WARN	Loading extension 'screenshots@mozilla.org': Reading manifest: Invalid host permission: resource://pdf.js/
1548156177787	addons.webextension.screenshots@mozilla.org	WARN	Loading extension 'screenshots@mozilla.org': Reading manifest: Invalid host permission: about:reader*
1548156180570	Marionette	INFO	Listening on port 38785
1548156180686	Marionette	WARN	TLS certificate errors will be ignored for this session
1548156194694	Marionette	INFO	Stopped listening on port 38785
[Parent 7813, Gecko_IOThread] WARNING: pipe error (78): Connection reset by peer: file /build/firefox-wWf_B4/firefox-64.0+build3/ipc/chromium/src/chrome/common/ipc_channel_posix.cc, line 363
[Parent 7813, Gecko_IOThread] WARNING: pipe error (92): Connection reset by peer: file /build/firefox-wWf_B4/firefox-64.0+build3/ipc/chromium/src/chrome/common/ipc_channel_posix.cc, line 363
1548156635978	mozrunner::runner	INFO	Running command: "/usr/bin/firefox" "-marionette" "-foreground" "-no-remote" "-profile" "/tmp/rust_mozprofile.YeKFBPPeXDCj"
1548156636266	addons.webextension.screenshots@mozilla.org	WARN	Loading extension 'screenshots@mozilla.org': Reading manifest: Invalid host permission: resource://pdf.js/
1548156636266	addons.webextension.screenshots@mozilla.org	WARN	Loading extension 'screenshots@mozilla.org': Reading manifest: Invalid host permission: about:reader*
1548156638988	Marionette	INFO	Listening on port 35795
1548156639091	Marionette	WARN	TLS certificate errors will be ignored for this session
1548156652569	Marionette	INFO	Stopped listening on port 35795
[Parent 11554, Gecko_IOThread] WARNING: pipe error (84): Connection reset by peer: file /build/firefox-wWf_B4/firefox-64.0+build3/ipc/chromium/src/chrome/common/ipc_channel_posix.cc, line 363
[Parent 11554, Gecko_IOThread] WARNING: pipe error (78): Connection reset by peer: file /build/firefox-wWf_B4/firefox-64.0+build3/ipc/chromium/src/chrome/common/ipc_channel_posix.cc, line 363
1548159112553	mozrunner::runner	INFO	Running command: "/usr/bin/firefox" "-marionette" "-foreground" "-no-remote" "-profile" "/tmp/rust_mozprofile.fnRddR4BLMk8"
1548159112855	addons.webextension.screenshots@mozilla.org	WARN	Loading extension 'screenshots@mozilla.org': Reading manifest: Invalid host permission: resource://pdf.js/
1548159112855	addons.webextension.screenshots@mozilla.org	WARN	Loading extension 'screenshots@mozilla.org': Reading manifest: Invalid host permission: about:reader*
1548159115583	Marionette	INFO	Listening on port 37955
1548159115677	Marionette	WARN	TLS certificate errors will be ignored for this session
1548159130187	Marionette	INFO	Stopped listening on port 37955
[Parent 21929, Gecko_IOThread] WARNING: pipe error (78): Connection reset by peer: file /build/firefox-wWf_B4/firefox-64.0+build3/ipc/chromium/src/chrome/common/ipc_channel_posix.cc, line 363
[Parent 21929, Gecko_IOThread] WARNING: pipe error (64): Connection reset by peer: file /build/firefox-wWf_B4/firefox-64.0+build3/ipc/chromium/src/chrome/common/ipc_channel_posix.cc, line 363
1548227694359	mozrunner::runner	INFO	Running command: "/usr/bin/firefox" "-marionette" "-foreground" "-no-remote" "-profile" "/tmp/rust_mozprofile.MU3WYws3P6Tc"
1548227694664	addons.webextension.screenshots@mozilla.org	WARN	Loading extension 'screenshots@mozilla.org': Reading manifest: Invalid host permission: resource://pdf.js/
1548227694664	addons.webextension.screenshots@mozilla.org	WARN	Loading extension 'screenshots@mozilla.org': Reading manifest: Invalid host permission: about:reader*
1548227697364	Marionette	INFO	Listening on port 43237
1548227697376	Marionette	WARN	TLS certificate errors will be ignored for this session
1548227709977	Marionette	INFO	Stopped listening on port 43237
[Parent 28075, Gecko_IOThread] WARNING: pipe error (78): Connection reset by peer: file /build/firefox-wWf_B4/firefox-64.0+build3/ipc/chromium/src/chrome/common/ipc_channel_posix.cc, line 363
[Parent 28075, Gecko_IOThread] WARNING: pipe error (84): Connection reset by peer: file /build/firefox-wWf_B4/firefox-64.0+build3/ipc/chromium/src/chrome/common/ipc_channel_posix.cc, line 363
